
**** Build of configuration Debug for project rtos_test ****

"C:\\ti\\ccs740\\ccsv7\\utils\\bin\\gmake" -k -j 4 all -O 
 
'Building file: "../IE.c"'
'Invoking: MSP430 Compiler'
"C:/ti/ccs740/ccsv7/tools/compiler/ti-cgt-msp430_16.9.6.LTS/bin/cl430" -vmsp --use_hw_mpy=none --include_path="C:/ti/ccs740/ccsv7/ccs_base/msp430/include" --include_path="C:/Users/NUC/workspace_v7/rtos_test" --include_path="C:/ti/ccs740/ccsv7/tools/compiler/ti-cgt-msp430_16.9.6.LTS/include" --advice:power=all --define=__MSP430G2553__ -g --printf_support=minimal --diag_warning=225 --diag_wrap=off --display_error_number --preproc_with_compile --preproc_dependency="IE.d_raw"  "../IE.c"
'Finished building: "../IE.c"'
 
'Building file: "../Clock.c"'
'Invoking: MSP430 Compiler'
"C:/ti/ccs740/ccsv7/tools/compiler/ti-cgt-msp430_16.9.6.LTS/bin/cl430" -vmsp --use_hw_mpy=none --include_path="C:/ti/ccs740/ccsv7/ccs_base/msp430/include" --include_path="C:/Users/NUC/workspace_v7/rtos_test" --include_path="C:/ti/ccs740/ccsv7/tools/compiler/ti-cgt-msp430_16.9.6.LTS/include" --advice:power=all --define=__MSP430G2553__ -g --printf_support=minimal --diag_warning=225 --diag_wrap=off --display_error_number --preproc_with_compile --preproc_dependency="Clock.d_raw"  "../Clock.c"
'Finished building: "../Clock.c"'
 
'Building file: "../GPIO.c"'
'Invoking: MSP430 Compiler'
"C:/ti/ccs740/ccsv7/tools/compiler/ti-cgt-msp430_16.9.6.LTS/bin/cl430" -vmsp --use_hw_mpy=none --include_path="C:/ti/ccs740/ccsv7/ccs_base/msp430/include" --include_path="C:/Users/NUC/workspace_v7/rtos_test" --include_path="C:/ti/ccs740/ccsv7/tools/compiler/ti-cgt-msp430_16.9.6.LTS/include" --advice:power=all --define=__MSP430G2553__ -g --printf_support=minimal --diag_warning=225 --diag_wrap=off --display_error_number --preproc_with_compile --preproc_dependency="GPIO.d_raw"  "../GPIO.c"
'Finished building: "../GPIO.c"'
 
'Building file: "../Flash.c"'
'Invoking: MSP430 Compiler'
"C:/ti/ccs740/ccsv7/tools/compiler/ti-cgt-msp430_16.9.6.LTS/bin/cl430" -vmsp --use_hw_mpy=none --include_path="C:/ti/ccs740/ccsv7/ccs_base/msp430/include" --include_path="C:/Users/NUC/workspace_v7/rtos_test" --include_path="C:/ti/ccs740/ccsv7/tools/compiler/ti-cgt-msp430_16.9.6.LTS/include" --advice:power=all --define=__MSP430G2553__ -g --printf_support=minimal --diag_warning=225 --diag_wrap=off --display_error_number --preproc_with_compile --preproc_dependency="Flash.d_raw"  "../Flash.c"
'Finished building: "../Flash.c"'
 
'Building file: "../main.c"'
'Invoking: MSP430 Compiler'
"C:/ti/ccs740/ccsv7/tools/compiler/ti-cgt-msp430_16.9.6.LTS/bin/cl430" -vmsp --use_hw_mpy=none --include_path="C:/ti/ccs740/ccsv7/ccs_base/msp430/include" --include_path="C:/Users/NUC/workspace_v7/rtos_test" --include_path="C:/ti/ccs740/ccsv7/tools/compiler/ti-cgt-msp430_16.9.6.LTS/include" --advice:power=all --define=__MSP430G2553__ -g --printf_support=minimal --diag_warning=225 --diag_wrap=off --display_error_number --preproc_with_compile --preproc_dependency="main.d_raw"  "../main.c"

>> Compilation failure
subdir_rules.mk:58: recipe for target 'main.obj' failed
"../Flash.c", line 23: remark #1533-D: (ULP 6.1) Detected use of multiplication on a device that has no hardware multiplier
"../Flash.c", line 83: remark #1533-D: (ULP 6.1) Detected use of multiplication on a device that has no hardware multiplier
"../Flash.c", line 102: remark #1530-D: (ULP 5.1) Detected modulo operation(s). Recommend moving them to RAM during run time or not using as these are processing/power intensive
"../Flash.c", line 120: remark #1533-D: (ULP 6.1) Detected use of multiplication on a device that has no hardware multiplier
"../Flash.c", line 156: remark #1533-D: (ULP 6.1) Detected use of multiplication on a device that has no hardware multiplier
"../Flash.c", line 166: remark #1527-D: (ULP 2.1) Detected SW delay loop using empty loop. Recommend using a timer module instead
"../Flash.c", line 196: remark #1533-D: (ULP 6.1) Detected use of multiplication on a device that has no hardware multiplier
"../Flash.c", line 206: remark #1527-D: (ULP 2.1) Detected SW delay loop using empty loop. Recommend using a timer module instead
"C:/Users/NUC/workspace_v7/rtos_test/Calibracion.h", line 11: warning #48-D: incompatible redefinition of macro "TAG_DCO_30" (declared at line 898 of "C:\ti\ccs740\ccsv7\ccs_base\msp430\include\msp430g2553.h")
"C:/Users/NUC/workspace_v7/rtos_test/Calibracion.h", line 13: warning #48-D: incompatible redefinition of macro "TAG_ADC10_1" (declared at line 899 of "C:\ti\ccs740\ccsv7\ccs_base\msp430\include\msp430g2553.h")
"C:/Users/NUC/workspace_v7/rtos_test/Calibracion.h", line 16: warning #48-D: incompatible redefinition of macro "TAG_EMPTY" (declared at line 900 of "C:\ti\ccs740\ccsv7\ccs_base\msp430\include\msp430g2553.h")
"C:/Users/NUC/workspace_v7/rtos_test/Calibracion.h", line 18: warning #48-D: incompatible redefinition of macro "CAL_ADC_25T85" (declared at line 910 of "C:\ti\ccs740\ccsv7\ccs_base\msp430\include\msp430g2553.h")
"C:/Users/NUC/workspace_v7/rtos_test/Calibracion.h", line 20: warning #48-D: incompatible redefinition of macro "CAL_ADC_25VREF_FACTOR" (declared at line 912 of "C:\ti\ccs740\ccsv7\ccs_base\msp430\include\msp430g2553.h")
"C:/Users/NUC/workspace_v7/rtos_test/Calibracion.h", line 21: warning #48-D: incompatible redefinition of macro "CAL_ADC_15T85" (declared at line 913 of "C:\ti\ccs740\ccsv7\ccs_base\msp430\include\msp430g2553.h")
"C:/Users/NUC/workspace_v7/rtos_test/Calibracion.h", line 22: warning #48-D: incompatible redefinition of macro "CAL_ADC_15T30" (declared at line 914 of "C:\ti\ccs740\ccsv7\ccs_base\msp430\include\msp430g2553.h")
"C:/Users/NUC/workspace_v7/rtos_test/Calibracion.h", line 23: warning #48-D: incompatible redefinition of macro "CAL_ADC_15VREF_FACTOR" (declared at line 915 of "C:\ti\ccs740\ccsv7\ccs_base\msp430\include\msp430g2553.h")
"C:/Users/NUC/workspace_v7/rtos_test/Calibracion.h", line 24: warning #48-D: incompatible redefinition of macro "CAL_ADC_OFFSET" (declared at line 916 of "C:\ti\ccs740\ccsv7\ccs_base\msp430\include\msp430g2553.h")
"C:/Users/NUC/workspace_v7/rtos_test/Calibracion.h", line 25: warning #48-D: incompatible redefinition of macro "CAL_ADC_GAIN_FACTOR" (declared at line 917 of "C:\ti\ccs740\ccsv7\ccs_base\msp430\include\msp430g2553.h")
"C:/Users/NUC/workspace_v7/rtos_test/Calibracion.h", line 27: warning #48-D: incompatible redefinition of macro "CAL_BC1_1MHZ" (declared at line 926 of "C:\ti\ccs740\ccsv7\ccs_base\msp430\include\msp430g2553.h")
"C:/Users/NUC/workspace_v7/rtos_test/Calibracion.h", line 28: warning #48-D: incompatible redefinition of macro "CAL_DCO_1MHZ" (declared at line 925 of "C:\ti\ccs740\ccsv7\ccs_base\msp430\include\msp430g2553.h")
"C:/Users/NUC/workspace_v7/rtos_test/Calibracion.h", line 29: warning #48-D: incompatible redefinition of macro "CAL_BC1_8MHZ" (declared at line 924 of "C:\ti\ccs740\ccsv7\ccs_base\msp430\include\msp430g2553.h")
"C:/Users/NUC/workspace_v7/rtos_test/Calibracion.h", line 30: warning #48-D: incompatible redefinition of macro "CAL_DCO_8MHZ" (declared at line 923 of "C:\ti\ccs740\ccsv7\ccs_base\msp430\include\msp430g2553.h")
"C:/Users/NUC/workspace_v7/rtos_test/Calibracion.h", line 31: warning #48-D: incompatible redefinition of macro "CAL_BC1_12MHZ" (declared at line 922 of "C:\ti\ccs740\ccsv7\ccs_base\msp430\include\msp430g2553.h")
"C:/Users/NUC/workspace_v7/rtos_test/Calibracion.h", line 32: warning #48-D: incompatible redefinition of macro "CAL_DCO_12MHZ" (declared at line 921 of "C:\ti\ccs740\ccsv7\ccs_base\msp430\include\msp430g2553.h")
"C:/Users/NUC/workspace_v7/rtos_test/Calibracion.h", line 33: warning #48-D: incompatible redefinition of macro "CAL_BC1_16MHZ" (declared at line 920 of "C:\ti\ccs740\ccsv7\ccs_base\msp430\include\msp430g2553.h")
"C:/Users/NUC/workspace_v7/rtos_test/Calibracion.h", line 34: warning #48-D: incompatible redefinition of macro "CAL_DCO_16MHZ" (declared at line 919 of "C:\ti\ccs740\ccsv7\ccs_base\msp430\include\msp430g2553.h")
"C:/Users/NUC/workspace_v7/rtos_test/WatchDog.h", line 19: error #41: expected an identifier
"C:/Users/NUC/workspace_v7/rtos_test/WatchDog.h", line 20: error #41: expected an identifier
"C:/Users/NUC/workspace_v7/rtos_test/WatchDog.h", line 21: error #41: expected an identifier
"C:/Users/NUC/workspace_v7/rtos_test/WatchDog.h", line 22: error #41: expected an identifier
"C:/Users/NUC/workspace_v7/rtos_test/WatchDog.h", line 23: error #41: expected an identifier
"C:/Users/NUC/workspace_v7/rtos_test/WatchDog.h", line 24: error #41: expected an identifier
"C:/Users/NUC/workspace_v7/rtos_test/WatchDog.h", line 25: error #41: expected an identifier
"C:/Users/NUC/workspace_v7/rtos_test/WatchDog.h", line 35: error #41: expected an identifier
"C:/Users/NUC/workspace_v7/rtos_test/WatchDog.h", line 36: error #41: expected an identifier
"C:/Users/NUC/workspace_v7/rtos_test/WatchDog.h", line 37: error #41: expected an identifier
"C:/Users/NUC/workspace_v7/rtos_test/WatchDog.h", line 38: error #41: expected an identifier
"C:/Users/NUC/workspace_v7/rtos_test/WatchDog.h", line 39: error #41: expected an identifier
"C:/Users/NUC/workspace_v7/rtos_test/WatchDog.h", line 40: error #41: expected an identifier
"C:/Users/NUC/workspace_v7/rtos_test/WatchDog.h", line 41: error #41: expected an identifier
"C:/Users/NUC/workspace_v7/rtos_test/WatchDog.h", line 42: error #41: expected an identifier
"C:/Users/NUC/workspace_v7/rtos_test/WatchDog.h", line 43: error #41: expected an identifier
"C:/Users/NUC/workspace_v7/rtos_test/WatchDog.h", line 57: error #41: expected an identifier
"C:/Users/NUC/workspace_v7/rtos_test/WatchDog.h", line 67: error #41: expected an identifier
"C:/Users/NUC/workspace_v7/rtos_test/WatchDog.h", line 68: error #41: expected an identifier
"C:/Users/NUC/workspace_v7/rtos_test/WatchDog.h", line 69: error #41: expected an identifier
"C:/Users/NUC/workspace_v7/rtos_test/WatchDog.h", line 70: error #41: expected an identifier
"C:/Users/NUC/workspace_v7/rtos_test/WatchDog.h", line 71: error #41: expected an identifier
"C:/Users/NUC/workspace_v7/rtos_test/WatchDog.h", line 72: error #41: expected an identifier
"C:/Users/NUC/workspace_v7/rtos_test/WatchDog.h", line 73: error #41: expected an identifier
"C:/Users/NUC/workspace_v7/rtos_test/WatchDog.h", line 74: error #41: expected an identifier
"C:/Users/NUC/workspace_v7/rtos_test/WatchDog.h", line 75: error #41: expected an identifier
"C:/Users/NUC/workspace_v7/rtos_test/IE.h", line 19: error #41: expected an identifier
"C:/Users/NUC/workspace_v7/rtos_test/IE.h", line 20: error #41: expected an identifier
"C:/Users/NUC/workspace_v7/rtos_test/IE.h", line 22: error #41: expected an identifier
"C:/Users/NUC/workspace_v7/rtos_test/IE.h", line 23: error #41: expected an identifier
"C:/Users/NUC/workspace_v7/rtos_test/IE.h", line 30: error #41: expected an identifier
"C:/Users/NUC/workspace_v7/rtos_test/IE.h", line 31: error #41: expected an identifier
"C:/Users/NUC/workspace_v7/rtos_test/IE.h", line 32: error #41: expected an identifier
"C:/Users/NUC/workspace_v7/rtos_test/IE.h", line 33: error #41: expected an identifier
"C:/Users/NUC/workspace_v7/rtos_test/IE.h", line 44: error #41: expected an identifier
"C:/Users/NUC/workspace_v7/rtos_test/IE.h", line 45: error #41: expected an identifier
"C:/Users/NUC/workspace_v7/rtos_test/IE.h", line 46: error #41: expected an identifier
"C:/Users/NUC/workspace_v7/rtos_test/IE.h", line 47: error #41: expected an identifier
"C:/Users/NUC/workspace_v7/rtos_test/IE.h", line 48: error #41: expected an identifier
"C:/Users/NUC/workspace_v7/rtos_test/IE.h", line 54: error #41: expected an identifier
"C:/Users/NUC/workspace_v7/rtos_test/IE.h", line 55: error #41: expected an identifier
"C:/Users/NUC/workspace_v7/rtos_test/IE.h", line 56: error #41: expected an identifier
"C:/Users/NUC/workspace_v7/rtos_test/IE.h", line 57: error #41: expected an identifier
"C:/Users/NUC/workspace_v7/rtos_test/IE.h", line 58: error #41: expected an identifier
"C:/Users/NUC/workspace_v7/rtos_test/IE.h", line 68: error #41: expected an identifier
"C:/Users/NUC/workspace_v7/rtos_test/IE.h", line 69: error #41: expected an identifier
"C:/Users/NUC/workspace_v7/rtos_test/IE.h", line 70: error #41: expected an identifier
"C:/Users/NUC/workspace_v7/rtos_test/IE.h", line 71: error #41: expected an identifier
"C:/Users/NUC/workspace_v7/rtos_test/IE.h", line 77: error #41: expected an identifier
"C:/Users/NUC/workspace_v7/rtos_test/IE.h", line 78: error #41: expected an identifier
"C:/Users/NUC/workspace_v7/rtos_test/IE.h", line 79: error #41: expected an identifier
"C:/Users/NUC/workspace_v7/rtos_test/IE.h", line 80: error #41: expected an identifier
"C:/Users/NUC/workspace_v7/rtos_test/IE.h", line 90: error #41: expected an identifier
"C:/Users/NUC/workspace_v7/rtos_test/IE.h", line 91: error #41: expected an identifier
"C:/Users/NUC/workspace_v7/rtos_test/IE.h", line 92: error #41: expected an identifier
"C:/Users/NUC/workspace_v7/rtos_test/IE.h", line 93: error #41: expected an identifier
"C:/Users/NUC/workspace_v7/rtos_test/IE.h", line 99: error #41: expected an identifier
"C:/Users/NUC/workspace_v7/rtos_test/IE.h", line 100: error #41: expected an identifier
"C:/Users/NUC/workspace_v7/rtos_test/IE.h", line 101: error #41: expected an identifier
"C:/Users/NUC/workspace_v7/rtos_test/IE.h", line 102: error #41: expected an identifier
"C:/Users/NUC/workspace_v7/rtos_test/Clock.h", line 37: error #41: expected an identifier
"C:/Users/NUC/workspace_v7/rtos_test/Clock.h", line 38: error #41: expected an identifier
"C:/Users/NUC/workspace_v7/rtos_test/Clock.h", line 39: error #41: expected an identifier
"C:/Users/NUC/workspace_v7/rtos_test/Clock.h", line 40: error #41: expected an identifier
"C:/Users/NUC/workspace_v7/rtos_test/Clock.h", line 41: error #41: expected an identifier
"C:/Users/NUC/workspace_v7/rtos_test/Clock.h", line 42: error #41: expected an identifier
"C:/Users/NUC/workspace_v7/rtos_test/Clock.h", line 43: error #41: expected an identifier
"C:/Users/NUC/workspace_v7/rtos_test/Clock.h", line 44: error #41: expected an identifier
"C:/Users/NUC/workspace_v7/rtos_test/Clock.h", line 50: error #41: expected an identifier
"C:/Users/NUC/workspace_v7/rtos_test/Clock.h", line 51: error #41: expected an identifier
"C:/Users/NUC/workspace_v7/rtos_test/Clock.h", line 52: error #41: expected an identifier
"C:/Users/NUC/workspace_v7/rtos_test/Clock.h", line 53: error #41: expected an identifier
"C:/Users/NUC/workspace_v7/rtos_test/Clock.h", line 54: error #41: expected an identifier
"C:/Users/NUC/workspace_v7/rtos_test/Clock.h", line 55: error #41: expected an identifier
"C:/Users/NUC/workspace_v7/rtos_test/Clock.h", line 56: error #41: expected an identifier
"C:/Users/NUC/workspace_v7/rtos_test/Clock.h", line 57: error #41: expected an identifier
"C:/Users/NUC/workspace_v7/rtos_test/Clock.h", line 68: error #41: expected an identifier
"C:/Users/NUC/workspace_v7/rtos_test/Clock.h", line 69: error #41: expected an identifier
"C:/Users/NUC/workspace_v7/rtos_test/Clock.h", line 78: error #41: expected an identifier
"C:/Users/NUC/workspace_v7/rtos_test/Clock.h", line 79: error #41: expected an identifier
"C:/Users/NUC/workspace_v7/rtos_test/Clock.h", line 80: error #41: expected an identifier
"C:/Users/NUC/workspace_v7/rtos_test/Clock.h", line 81: error #41: expected an identifier
"C:/Users/NUC/workspace_v7/rtos_test/Clock.h", line 82: error #41: expected an identifier
"C:/Users/NUC/workspace_v7/rtos_test/Clock.h", line 83: error #41: expected an identifier
"C:/Users/NUC/workspace_v7/rtos_test/Clock.h", line 84: error #41: expected an identifier
"C:/Users/NUC/workspace_v7/rtos_test/Clock.h", line 85: error #41: expected an identifier
"C:/Users/NUC/workspace_v7/rtos_test/Clock.h", line 90: error #41: expected an identifier
"C:/Users/NUC/workspace_v7/rtos_test/Clock.h", line 91: error #41: expected an identifier
"C:/Users/NUC/workspace_v7/rtos_test/Clock.h", line 92: error #41: expected an identifier
"C:/Users/NUC/workspace_v7/rtos_test/Clock.h", line 93: error #41: expected an identifier
"C:/Users/NUC/workspace_v7/rtos_test/Clock.h", line 94: error #41: expected an identifier
"C:/Users/NUC/workspace_v7/rtos_test/Clock.h", line 95: error #41: expected an identifier
"C:/Users/NUC/workspace_v7/rtos_test/Clock.h", line 96: error #41: expected an identifier
"C:/Users/NUC/workspace_v7/rtos_test/Clock.h", line 97: error #41: expected an identifier
"C:/Users/NUC/workspace_v7/rtos_test/Clock.h", line 109: error #41: expected an identifier
"C:/Users/NUC/workspace_v7/rtos_test/Clock.h", line 122: error #41: expected an identifier
"C:/Users/NUC/workspace_v7/rtos_test/Clock.h", line 123: error #41: expected an identifier
"C:/Users/NUC/workspace_v7/rtos_test/Clock.h", line 124: error #41: expected an identifier
"C:/Users/NUC/workspace_v7/rtos_test/Clock.h", line 125: error #41: expected an identifier
"C:/Users/NUC/workspace_v7/rtos_test/Clock.h", line 126: error #41: expected an identifier
Error limit reached.
100 errors detected in the compilation of "../main.c".
Compilation terminated.
gmake: *** [main.obj] Error 1
'Building file: "../WatchDog.c"'
'Invoking: MSP430 Compiler'
"C:/ti/ccs740/ccsv7/tools/compiler/ti-cgt-msp430_16.9.6.LTS/bin/cl430" -vmsp --use_hw_mpy=none --include_path="C:/ti/ccs740/ccsv7/ccs_base/msp430/include" --include_path="C:/Users/NUC/workspace_v7/rtos_test" --include_path="C:/ti/ccs740/ccsv7/tools/compiler/ti-cgt-msp430_16.9.6.LTS/include" --advice:power=all --define=__MSP430G2553__ -g --printf_support=minimal --diag_warning=225 --diag_wrap=off --display_error_number --preproc_with_compile --preproc_dependency="WatchDog.d_raw"  "../WatchDog.c"
'Finished building: "../WatchDog.c"'
 
'Building file: "../TimerA.c"'
'Invoking: MSP430 Compiler'
"C:/ti/ccs740/ccsv7/tools/compiler/ti-cgt-msp430_16.9.6.LTS/bin/cl430" -vmsp --use_hw_mpy=none --include_path="C:/ti/ccs740/ccsv7/ccs_base/msp430/include" --include_path="C:/Users/NUC/workspace_v7/rtos_test" --include_path="C:/ti/ccs740/ccsv7/tools/compiler/ti-cgt-msp430_16.9.6.LTS/include" --advice:power=all --define=__MSP430G2553__ -g --printf_support=minimal --diag_warning=225 --diag_wrap=off --display_error_number --preproc_with_compile --preproc_dependency="TimerA.d_raw"  "../TimerA.c"
'Finished building: "../TimerA.c"'
 
'Building file: "../procesos.c"'
'Invoking: MSP430 Compiler'
"C:/ti/ccs740/ccsv7/tools/compiler/ti-cgt-msp430_16.9.6.LTS/bin/cl430" -vmsp --use_hw_mpy=none --include_path="C:/ti/ccs740/ccsv7/ccs_base/msp430/include" --include_path="C:/Users/NUC/workspace_v7/rtos_test" --include_path="C:/ti/ccs740/ccsv7/tools/compiler/ti-cgt-msp430_16.9.6.LTS/include" --advice:power=all --define=__MSP430G2553__ -g --printf_support=minimal --diag_warning=225 --diag_wrap=off --display_error_number --preproc_with_compile --preproc_dependency="procesos.d_raw"  "../procesos.c"
"../procesos.c", line 88: remark #1527-D: (ULP 2.1) Detected SW delay loop using empty loop. Recommend using a timer module instead
'Finished building: "../procesos.c"'
 
'Building file: "../lcd.c"'
'Invoking: MSP430 Compiler'
"C:/ti/ccs740/ccsv7/tools/compiler/ti-cgt-msp430_16.9.6.LTS/bin/cl430" -vmsp --use_hw_mpy=none --include_path="C:/ti/ccs740/ccsv7/ccs_base/msp430/include" --include_path="C:/Users/NUC/workspace_v7/rtos_test" --include_path="C:/ti/ccs740/ccsv7/tools/compiler/ti-cgt-msp430_16.9.6.LTS/include" --advice:power=all --define=__MSP430G2553__ -g --printf_support=minimal --diag_warning=225 --diag_wrap=off --display_error_number --preproc_with_compile --preproc_dependency="lcd.d_raw"  "../lcd.c"
"../lcd.c", line 72: remark #1527-D: (ULP 2.1) Detected SW delay loop using empty loop. Recommend using a timer module instead
"../lcd.c", line 77: remark #1527-D: (ULP 2.1) Detected SW delay loop using empty loop. Recommend using a timer module instead
"../lcd.c", line 80: remark #1527-D: (ULP 2.1) Detected SW delay loop using empty loop. Recommend using a timer module instead
"../lcd.c", line 83: remark #1527-D: (ULP 2.1) Detected SW delay loop using empty loop. Recommend using a timer module instead
"../lcd.c", line 88: remark #1527-D: (ULP 2.1) Detected SW delay loop using empty loop. Recommend using a timer module instead
"../lcd.c", line 101: remark #1544-D: (ULP 13.1) Detected loop counting up. Recommend loops count down as detecting zeros is easier
"../lcd.c", line 103: remark #2553-D: (ULP 14.1) Array index (involving "Delay") of type "long". Recommend using "unsigned long"
"../lcd.c", line 697: warning #1696-D: multicharacter character literal (potential portability problem)
"../lcd.c", line 700: warning #1696-D: multicharacter character literal (potential portability problem)
"../lcd.c", line 703: warning #1696-D: multicharacter character literal (potential portability problem)
"../lcd.c", line 706: warning #1696-D: multicharacter character literal (potential portability problem)
"../lcd.c", line 712: warning #1696-D: multicharacter character literal (potential portability problem)
"../lcd.c", line 715: warning #1696-D: multicharacter character literal (potential portability problem)
"../lcd.c", line 718: warning #1696-D: multicharacter character literal (potential portability problem)
"../lcd.c", line 790: remark #1533-D: (ULP 6.1) Detected use of multiplication on a device that has no hardware multiplier
"../lcd.c", line 795: remark #1530-D: (ULP 5.1) Detected modulo operation(s). Recommend moving them to RAM during run time or not using as these are processing/power intensive
"../lcd.c", line 798: remark #1530-D: (ULP 5.1) Detected divide operation(s). Recommend moving them to RAM during run time or not using as these are processing/power intensive
"../lcd.c", line 807: remark #1544-D: (ULP 13.1) Detected loop counting up. Recommend loops count down as detecting zeros is easier
"../lcd.c", line 829: remark #1533-D: (ULP 6.1) Detected use of multiplication on a device that has no hardware multiplier
"../lcd.c", line 829: remark #2553-D: (ULP 14.1) Array index (involving "decimales") of type "int". Recommend using "unsigned int"
"../lcd.c", line 832: remark #1533-D: (ULP 6.1) Detected use of multiplication on a device that has no hardware multiplier
"../lcd.c", line 866: remark #2553-D: (ULP 14.1) Array index (involving "num") of type "int". Recommend using "unsigned int"
"../lcd.c", line 879: remark #1544-D: (ULP 13.1) Detected loop counting up. Recommend loops count down as detecting zeros is easier
"../lcd.c", line 901: remark #2553-D: (ULP 14.1) Array index (involving "num") of type "int". Recommend using "unsigned int"
"../lcd.c", line 913: remark #1544-D: (ULP 13.1) Detected loop counting up. Recommend loops count down as detecting zeros is easier
"../lcd.c", line 947: remark #1544-D: (ULP 13.1) Detected loop counting up. Recommend loops count down as detecting zeros is easier
"../lcd.c", line 980: remark #1544-D: (ULP 13.1) Detected loop counting up. Recommend loops count down as detecting zeros is easier
"../lcd.c", line 822 (col. 15): remark #1531-D: (ULP 5.2) Detected floating point operation(s). Recommend moving them to RAM during run time or not using as these are processing/power intensive
"../lcd.c", line 828 (col. 12): remark #1531-D: (ULP 5.2) Detected floating point operation(s). Recommend moving them to RAM during run time or not using as these are processing/power intensive
"../lcd.c", line 829 (col. 12): remark #1531-D: (ULP 5.2) Detected floating point operation(s). Recommend moving them to RAM during run time or not using as these are processing/power intensive
"../lcd.c", line 830 (col. 10): remark #1531-D: (ULP 5.2) Detected floating point operation(s). Recommend moving them to RAM during run time or not using as these are processing/power intensive
"../lcd.c", line 1176 (col. 33): remark #1531-D: (ULP 5.2) Detected floating point operation(s). Recommend moving them to RAM during run time or not using as these are processing/power intensive
"../lcd.c", line 1177 (col. 34): remark #1531-D: (ULP 5.2) Detected floating point operation(s). Recommend moving them to RAM during run time or not using as these are processing/power intensive
"../lcd.c", line 1184 (col. 30): remark #1531-D: (ULP 5.2) Detected floating point operation(s). Recommend moving them to RAM during run time or not using as these are processing/power intensive
"../lcd.c", line 1185 (col. 31): remark #1531-D: (ULP 5.2) Detected floating point operation(s). Recommend moving them to RAM during run time or not using as these are processing/power intensive
'Finished building: "../lcd.c"'
 
gmake: Target 'all' not remade because of errors.

**** Build Finished ****
